{"C:\\Users\\Vlad\\Desktop\\web\\b-web\\src\\utils\\Filters\\sortItemsByType.ts": {"path":"C:\\Users\\Vlad\\Desktop\\web\\b-web\\src\\utils\\Filters\\sortItemsByType.ts","all":false,"statementMap":{"0":{"start":{"line":1,"column":0},"end":{"line":1,"column":53}},"1":{"start":{"line":2,"column":0},"end":{"line":2,"column":76}},"2":{"start":{"line":3,"column":0},"end":{"line":3,"column":36}},"3":{"start":{"line":4,"column":0},"end":{"line":4,"column":34}},"4":{"start":{"line":5,"column":0},"end":{"line":5,"column":67}},"5":{"start":{"line":6,"column":0},"end":{"line":6,"column":34}},"6":{"start":{"line":7,"column":0},"end":{"line":7,"column":9}},"7":{"start":{"line":8,"column":0},"end":{"line":8,"column":5}},"8":{"start":{"line":9,"column":0},"end":{"line":9,"column":22}},"9":{"start":{"line":10,"column":0},"end":{"line":10,"column":1}}},"s":{"0":1,"1":1,"2":3,"3":3,"4":12,"5":8,"6":8,"7":12,"8":3,"9":3},"branchMap":{"0":{"type":"branch","line":2,"loc":{"start":{"line":2,"column":31},"end":{"line":10,"column":1}},"locations":[{"start":{"line":2,"column":31},"end":{"line":10,"column":1}}]},"1":{"type":"branch","line":4,"loc":{"start":{"line":4,"column":33},"end":{"line":8,"column":5}},"locations":[{"start":{"line":4,"column":33},"end":{"line":8,"column":5}}]},"2":{"type":"branch","line":5,"loc":{"start":{"line":5,"column":34},"end":{"line":5,"column":66}},"locations":[{"start":{"line":5,"column":34},"end":{"line":5,"column":66}}]},"3":{"type":"branch","line":5,"loc":{"start":{"line":5,"column":66},"end":{"line":7,"column":9}},"locations":[{"start":{"line":5,"column":66},"end":{"line":7,"column":9}}]}},"b":{"0":[3],"1":[12],"2":[8],"3":[8]},"fnMap":{"0":{"name":"sortItemsByType","decl":{"start":{"line":2,"column":31},"end":{"line":10,"column":1}},"loc":{"start":{"line":2,"column":31},"end":{"line":10,"column":1}},"line":2}},"f":{"0":3}}
,"C:\\Users\\Vlad\\Desktop\\web\\b-web\\src\\utils\\dateFormater\\dateFormater.ts": {"path":"C:\\Users\\Vlad\\Desktop\\web\\b-web\\src\\utils\\dateFormater\\dateFormater.ts","all":false,"statementMap":{"0":{"start":{"line":1,"column":0},"end":{"line":1,"column":119}},"1":{"start":{"line":2,"column":0},"end":{"line":2,"column":0}},"2":{"start":{"line":3,"column":0},"end":{"line":3,"column":47}},"3":{"start":{"line":4,"column":0},"end":{"line":4,"column":23}},"4":{"start":{"line":5,"column":0},"end":{"line":5,"column":41}},"5":{"start":{"line":6,"column":0},"end":{"line":6,"column":45}},"6":{"start":{"line":7,"column":0},"end":{"line":7,"column":47}},"7":{"start":{"line":8,"column":0},"end":{"line":8,"column":40}},"8":{"start":{"line":9,"column":0},"end":{"line":9,"column":44}},"9":{"start":{"line":10,"column":0},"end":{"line":10,"column":5}},"10":{"start":{"line":11,"column":0},"end":{"line":11,"column":10}},"11":{"start":{"line":12,"column":0},"end":{"line":12,"column":32}},"12":{"start":{"line":13,"column":0},"end":{"line":13,"column":5}},"13":{"start":{"line":14,"column":0},"end":{"line":14,"column":1}}},"s":{"0":1,"1":1,"2":1,"3":4,"4":2,"5":2,"6":2,"7":2,"8":2,"9":2,"10":2,"11":2,"12":2,"13":4},"branchMap":{"0":{"type":"branch","line":3,"loc":{"start":{"line":3,"column":29},"end":{"line":14,"column":1}},"locations":[{"start":{"line":3,"column":29},"end":{"line":14,"column":1}}]},"1":{"type":"branch","line":4,"loc":{"start":{"line":4,"column":22},"end":{"line":13,"column":5}},"locations":[{"start":{"line":4,"column":22},"end":{"line":13,"column":5}}]}},"b":{"0":[4],"1":[2]},"fnMap":{"0":{"name":"dateFormatter","decl":{"start":{"line":3,"column":29},"end":{"line":14,"column":1}},"loc":{"start":{"line":3,"column":29},"end":{"line":14,"column":1}},"line":3}},"f":{"0":4}}
}
